2022.07.10 13:13:33 INFO  tracing is disabled for protocol LSP, to enable tracing of incoming and outgoing JSON messages create an empty file at c:\Users\acer\Desktop\scala4\.metals\lsp.trace.json or C:\Users\acer\AppData\Local\scalameta\metals\cache\lsp.trace.json
2022.07.10 13:13:35 INFO  logging to file C:\Users\acer\Desktop\scala4\.metals\metals.log
2022.07.10 13:13:35 INFO  Started: Metals version 0.11.7 in workspace 'C:\Users\acer\Desktop\scala4' for client Visual Studio Code 1.69.0.
2022.07.10 13:13:36 INFO  time: initialize in 1.28s
2022.07.10 13:13:36 WARN  Flyway upgrade recommended: H2 2.1.214 is newer than this version of Flyway and support has not been tested. The latest supported version of H2 is 2.1.210.
2022.07.10 13:13:36 WARN  Build server is not auto-connectable.
2022.07.10 13:13:36 WARN  no build tool detected in workspace 'C:\Users\acer\Desktop\scala4'. The most common cause for this problem is that the editor was opened in the wrong working directory, for example if you use sbt then the workspace directory should contain build.sbt. 
2022.07.10 13:13:37 WARN  no build target for: C:\Users\acer\Desktop\scala4\q1.scala
2022.07.10 13:13:41 INFO  no build target found for C:\Users\acer\Desktop\scala4\q1.scala. Using presentation compiler with project's scala-library version: 3.1.3
2022.07.10 13:13:43 INFO  time: code lens generation in 5.67s
2022.07.10 13:14:57 WARN  no build target for: C:\Users\acer\Desktop\scala3\hema.scala
2022.07.10 13:15:48 WARN  no build target for: C:\Users\acer\Desktop\scala4\q1.scala
2022.07.10 13:16:32 WARN  no build target for: C:\Users\acer\Desktop\scala4\q1.scala
2022.07.10 13:18:47 WARN  no build target for: C:\Users\acer\Desktop\scala4\q2.scala
2022.07.10 13:19:57 WARN  no build target for: C:\Users\acer\Desktop\scala4\q2.scala
2022.07.10 13:20:40 WARN  no build target for: C:\Users\acer\Desktop\scala4\q2.scala
2022.07.10 13:25:02 WARN  no build target for: C:\Users\acer\Desktop\scala4\q2.scala
2022.07.10 13:26:20 WARN  no build target for: C:\Users\acer\Desktop\scala4\q2.scala
2022.07.10 13:26:41 WARN  no build target for: C:\Users\acer\Desktop\scala4\q2.scala
2022.07.10 13:27:14 WARN  no build target for: C:\Users\acer\Desktop\scala4\q2.scala
2022.07.10 13:28:06 WARN  no build target for: C:\Users\acer\Desktop\scala4\q2.scala
2022.07.10 13:28:12 WARN  no build target for: C:\Users\acer\Desktop\scala4\q2.scala
2022.07.10 13:29:18 WARN  no build target for: C:\Users\acer\Desktop\scala4\q2.scala
Jul 10, 2022 1:29:34 PM org.eclipse.lsp4j.jsonrpc.RemoteEndpoint fallbackResponseError
SEVERE: Internal error: file:///C:/Users/acer/Desktop/scala4/q2.scala:15: error: illegal character '\u2013'
    println (–2 * ( g – k ) +c);
             ^
java.util.concurrent.CompletionException: file:///C:/Users/acer/Desktop/scala4/q2.scala:15: error: illegal character '\u2013'
    println (–2 * ( g – k ) +c);
             ^
	at java.util.concurrent.CompletableFuture.encodeThrowable(CompletableFuture.java:292)
	at java.util.concurrent.CompletableFuture.completeThrowable(CompletableFuture.java:308)
	at java.util.concurrent.CompletableFuture.uniAccept(CompletableFuture.java:647)
	at java.util.concurrent.CompletableFuture$UniAccept.tryFire(CompletableFuture.java:632)
	at java.util.concurrent.CompletableFuture.postComplete(CompletableFuture.java:474)
	at java.util.concurrent.CompletableFuture.completeExceptionally(CompletableFuture.java:1977)
	at scala.meta.internal.metals.CancelTokens$.$anonfun$future$1(CancelTokens.scala:40)
	at scala.meta.internal.metals.CancelTokens$.$anonfun$future$1$adapted(CancelTokens.scala:38)
	at scala.concurrent.impl.Promise$Transformation.run(Promise.scala:484)
	at java.util.concurrent.ThreadPoolExecutor.runWorker(ThreadPoolExecutor.java:1149)
	at java.util.concurrent.ThreadPoolExecutor$Worker.run(ThreadPoolExecutor.java:624)
	at java.lang.Thread.run(Thread.java:748)
Caused by: file:///C:/Users/acer/Desktop/scala4/q2.scala:15: error: illegal character '\u2013'
    println (–2 * ( g – k ) +c);
             ^
	at scala.meta.internal.tokenizers.Reporter.syntaxError(Reporter.scala:23)
	at scala.meta.internal.tokenizers.Reporter.syntaxError$(Reporter.scala:23)
	at scala.meta.internal.tokenizers.Reporter$$anon$1.syntaxError(Reporter.scala:33)
	at scala.meta.internal.tokenizers.Reporter.syntaxError(Reporter.scala:25)
	at scala.meta.internal.tokenizers.Reporter.syntaxError$(Reporter.scala:25)
	at scala.meta.internal.tokenizers.Reporter$$anon$1.syntaxError(Reporter.scala:33)
	at scala.meta.internal.tokenizers.LegacyScanner.fetchOther$1(LegacyScanner.scala:501)
	at scala.meta.internal.tokenizers.LegacyScanner.fetchToken(LegacyScanner.scala:506)
	at scala.meta.internal.tokenizers.LegacyScanner.nextToken(LegacyScanner.scala:245)
	at scala.meta.internal.mtags.ScalaToplevelMtags.acceptBalancedDelimeters(ScalaToplevelMtags.scala:274)
	at scala.meta.internal.mtags.ScalaToplevelMtags.loop(ScalaToplevelMtags.scala:188)
	at scala.meta.internal.mtags.ScalaToplevelMtags.indexRoot(ScalaToplevelMtags.scala:50)
	at scala.meta.internal.mtags.MtagsIndexer.index(MtagsIndexer.scala:19)
	at scala.meta.internal.mtags.MtagsIndexer.index$(MtagsIndexer.scala:18)
	at scala.meta.internal.mtags.ScalaToplevelMtags.index(ScalaToplevelMtags.scala:40)
	at scala.meta.internal.mtags.Mtags$.allToplevels(Mtags.scala:96)
	at scala.meta.internal.metals.DefinitionProvider.fromMtags(DefinitionProvider.scala:269)
	at scala.meta.internal.metals.DefinitionProvider.$anonfun$positionOccurrence$3(DefinitionProvider.scala:202)
	at scala.Option.orElse(Option.scala:477)
	at scala.meta.internal.metals.DefinitionProvider.$anonfun$positionOccurrence$1(DefinitionProvider.scala:202)
	at scala.Option.flatMap(Option.scala:283)
	at scala.meta.internal.metals.DefinitionProvider.positionOccurrence(DefinitionProvider.scala:197)
	at scala.meta.internal.metals.DocumentHighlightProvider.$anonfun$documentHighlight$1(DocumentHighlightProvider.scala:33)
	at scala.collection.immutable.List.map(List.scala:246)
	at scala.meta.internal.metals.DocumentHighlightProvider.documentHighlight(DocumentHighlightProvider.scala:29)
	at scala.meta.internal.metals.MetalsLanguageServer.$anonfun$documentHighlights$1(MetalsLanguageServer.scala:1480)
	at scala.meta.internal.metals.CancelTokens$.$anonfun$apply$2(CancelTokens.scala:26)
	at scala.concurrent.Future$.$anonfun$apply$1(Future.scala:678)
	at scala.concurrent.impl.Promise$Transformation.run(Promise.scala:467)
	... 3 more

2022.07.10 13:37:29 WARN  no build target for: C:\Users\acer\Desktop\scala4\q2.scala
2022.07.10 13:37:40 WARN  no build target for: C:\Users\acer\Desktop\scala4\q4.scala
2022.07.10 13:53:24 WARN  no build target for: C:\Users\acer\Downloads\Q1.scala
Jul 10, 2022 2:09:32 PM org.eclipse.lsp4j.jsonrpc.RemoteEndpoint fallbackResponseError
SEVERE: Internal error: java.lang.reflect.InvocationTargetException
java.lang.RuntimeException: java.lang.reflect.InvocationTargetException
	at org.eclipse.lsp4j.jsonrpc.services.GenericEndpoint.lambda$null$0(GenericEndpoint.java:67)
	at org.eclipse.lsp4j.jsonrpc.services.GenericEndpoint.request(GenericEndpoint.java:120)
	at org.eclipse.lsp4j.jsonrpc.RemoteEndpoint.handleRequest(RemoteEndpoint.java:261)
	at org.eclipse.lsp4j.jsonrpc.RemoteEndpoint.consume(RemoteEndpoint.java:190)
	at org.eclipse.lsp4j.jsonrpc.json.StreamMessageProducer.handleMessage(StreamMessageProducer.java:194)
	at org.eclipse.lsp4j.jsonrpc.json.StreamMessageProducer.listen(StreamMessageProducer.java:94)
	at org.eclipse.lsp4j.jsonrpc.json.ConcurrentMessageProcessor.run(ConcurrentMessageProcessor.java:113)
	at java.util.concurrent.Executors$RunnableAdapter.call(Executors.java:511)
	at java.util.concurrent.FutureTask.run(FutureTask.java:266)
	at java.util.concurrent.ThreadPoolExecutor.runWorker(ThreadPoolExecutor.java:1149)
	at java.util.concurrent.ThreadPoolExecutor$Worker.run(ThreadPoolExecutor.java:624)
	at java.lang.Thread.run(Thread.java:748)
Caused by: java.lang.reflect.InvocationTargetException
	at sun.reflect.NativeMethodAccessorImpl.invoke0(Native Method)
	at sun.reflect.NativeMethodAccessorImpl.invoke(NativeMethodAccessorImpl.java:62)
	at sun.reflect.DelegatingMethodAccessorImpl.invoke(DelegatingMethodAccessorImpl.java:43)
	at java.lang.reflect.Method.invoke(Method.java:498)
	at org.eclipse.lsp4j.jsonrpc.services.GenericEndpoint.lambda$null$0(GenericEndpoint.java:65)
	... 11 more
Caused by: file:///C:/Users/acer/Desktop/scala4/q2.scala:15: error: illegal character '\u2013'
    println (–2 * ( g–k ) +c);
             ^
	at scala.meta.internal.tokenizers.Reporter.syntaxError(Reporter.scala:23)
	at scala.meta.internal.tokenizers.Reporter.syntaxError$(Reporter.scala:23)
	at scala.meta.internal.tokenizers.Reporter$$anon$1.syntaxError(Reporter.scala:33)
	at scala.meta.internal.tokenizers.Reporter.syntaxError(Reporter.scala:25)
	at scala.meta.internal.tokenizers.Reporter.syntaxError$(Reporter.scala:25)
	at scala.meta.internal.tokenizers.Reporter$$anon$1.syntaxError(Reporter.scala:33)
	at scala.meta.internal.tokenizers.LegacyScanner.fetchOther$1(LegacyScanner.scala:501)
	at scala.meta.internal.tokenizers.LegacyScanner.fetchToken(LegacyScanner.scala:506)
	at scala.meta.internal.tokenizers.LegacyScanner.nextToken(LegacyScanner.scala:245)
	at scala.meta.internal.mtags.ScalaToplevelMtags.acceptBalancedDelimeters(ScalaToplevelMtags.scala:274)
	at scala.meta.internal.mtags.ScalaToplevelMtags.loop(ScalaToplevelMtags.scala:188)
	at scala.meta.internal.mtags.ScalaToplevelMtags.indexRoot(ScalaToplevelMtags.scala:50)
	at scala.meta.internal.mtags.MtagsIndexer.index(MtagsIndexer.scala:19)
	at scala.meta.internal.mtags.MtagsIndexer.index$(MtagsIndexer.scala:18)
	at scala.meta.internal.mtags.ScalaToplevelMtags.index(ScalaToplevelMtags.scala:40)
	at scala.meta.internal.mtags.Mtags$.allToplevels(Mtags.scala:96)
	at scala.meta.internal.metals.DefinitionProvider.fromMtags(DefinitionProvider.scala:269)
	at scala.meta.internal.metals.DefinitionProvider.$anonfun$positionOccurrence$3(DefinitionProvider.scala:202)
	at scala.Option.orElse(Option.scala:477)
	at scala.meta.internal.metals.DefinitionProvider.$anonfun$positionOccurrence$1(DefinitionProvider.scala:202)
	at scala.Option.flatMap(Option.scala:283)
	at scala.meta.internal.metals.DefinitionProvider.positionOccurrence(DefinitionProvider.scala:197)
	at scala.meta.internal.metals.MetalsLanguageServer.$anonfun$definitionOrReferences$1(MetalsLanguageServer.scala:2515)
	at scala.Option.map(Option.scala:242)
	at scala.meta.internal.metals.MetalsLanguageServer.definitionOrReferences(MetalsLanguageServer.scala:2511)
	at scala.meta.internal.metals.MetalsLanguageServer.$anonfun$definition$1(MetalsLanguageServer.scala:1435)
	at scala.meta.internal.metals.CancelTokens$.future(CancelTokens.scala:38)
	at scala.meta.internal.metals.MetalsLanguageServer.definition(MetalsLanguageServer.scala:1434)
	... 16 more

2022.07.10 14:13:49 WARN  no build target for: C:\Users\acer\Desktop\scala4\q1.scala
2022.07.10 14:17:23 WARN  no build target for: C:\Users\acer\Downloads\Q1.scala
2022.07.10 14:19:27 WARN  no build target for: C:\Users\acer\Desktop\scala4\q1.scala
2022.07.10 14:24:51 WARN  no build target for: C:\Users\acer\Desktop\scala4\q2.scala
2022.07.10 14:26:47 WARN  no build target for: C:\Users\acer\Desktop\scala4\q2.scala
2022.07.10 14:34:50 WARN  no build target for: C:\Users\acer\Desktop\scala4\q1.scala
2022.07.10 14:35:16 WARN  no build target for: C:\Users\acer\Downloads\Q4a.scala
Jul 10, 2022 2:35:53 PM org.eclipse.lsp4j.jsonrpc.RemoteEndpoint fallbackResponseError
SEVERE: Internal error: java.lang.reflect.InvocationTargetException
java.lang.RuntimeException: java.lang.reflect.InvocationTargetException
	at org.eclipse.lsp4j.jsonrpc.services.GenericEndpoint.lambda$null$0(GenericEndpoint.java:67)
	at org.eclipse.lsp4j.jsonrpc.services.GenericEndpoint.request(GenericEndpoint.java:120)
	at org.eclipse.lsp4j.jsonrpc.RemoteEndpoint.handleRequest(RemoteEndpoint.java:261)
	at org.eclipse.lsp4j.jsonrpc.RemoteEndpoint.consume(RemoteEndpoint.java:190)
	at org.eclipse.lsp4j.jsonrpc.json.StreamMessageProducer.handleMessage(StreamMessageProducer.java:194)
	at org.eclipse.lsp4j.jsonrpc.json.StreamMessageProducer.listen(StreamMessageProducer.java:94)
	at org.eclipse.lsp4j.jsonrpc.json.ConcurrentMessageProcessor.run(ConcurrentMessageProcessor.java:113)
	at java.util.concurrent.Executors$RunnableAdapter.call(Executors.java:511)
	at java.util.concurrent.FutureTask.run(FutureTask.java:266)
	at java.util.concurrent.ThreadPoolExecutor.runWorker(ThreadPoolExecutor.java:1149)
	at java.util.concurrent.ThreadPoolExecutor$Worker.run(ThreadPoolExecutor.java:624)
	at java.lang.Thread.run(Thread.java:748)
Caused by: java.lang.reflect.InvocationTargetException
	at sun.reflect.GeneratedMethodAccessor1.invoke(Unknown Source)
	at sun.reflect.DelegatingMethodAccessorImpl.invoke(DelegatingMethodAccessorImpl.java:43)
	at java.lang.reflect.Method.invoke(Method.java:498)
	at org.eclipse.lsp4j.jsonrpc.services.GenericEndpoint.lambda$null$0(GenericEndpoint.java:65)
	... 11 more
Caused by: java.lang.IllegalArgumentException: 8 is not a valid line number, allowed [0..7]
	at scala.meta.internal.inputs.InternalInput.lineToOffset(InternalInput.scala:37)
	at scala.meta.internal.inputs.InternalInput.lineToOffset$(InternalInput.scala:32)
	at scala.meta.inputs.Input$VirtualFile.lineToOffset(Input.scala:80)
	at scala.meta.inputs.Position$Range$.apply(Position.scala:59)
	at scala.meta.internal.mtags.MtagsEnrichments$XtensionPositionLspInverse.toMeta(MtagsEnrichments.scala:179)
	at scala.meta.internal.parsing.Trees.$anonfun$findLastEnclosingAt$4(Trees.scala:77)
	at scala.Option.flatMap(Option.scala:283)
	at scala.meta.internal.parsing.Trees.findLastEnclosingAt(Trees.scala:76)
	at scala.meta.internal.metals.codeactions.PatternMatchRefactor.contribute(PatternMatchRefactor.scala:96)
	at scala.meta.internal.metals.CodeActionProvider$$anonfun$1.applyOrElse(CodeActionProvider.scala:66)
	at scala.meta.internal.metals.CodeActionProvider$$anonfun$1.applyOrElse(CodeActionProvider.scala:65)
	at scala.collection.immutable.List.collect(List.scala:275)
	at scala.meta.internal.metals.CodeActionProvider.codeActions(CodeActionProvider.scala:65)
	at scala.meta.internal.metals.MetalsLanguageServer.$anonfun$codeAction$1(MetalsLanguageServer.scala:1652)
	at scala.meta.internal.metals.CancelTokens$.future(CancelTokens.scala:38)
	at scala.meta.internal.metals.MetalsLanguageServer.codeAction(MetalsLanguageServer.scala:1651)
	... 15 more

2022.07.10 14:36:27 WARN  no build target for: C:\Users\acer\Desktop\scala4\q4_a.scala
2022.07.10 14:37:06 WARN  no build target for: C:\Users\acer\Desktop\scala4\q4_a.scala
2022.07.10 14:38:26 WARN  no build target for: C:\Users\acer\Desktop\scala4\q4_b.scala
2022.07.10 14:38:34 WARN  no build target for: C:\Users\acer\Downloads\Q4b.scala
2022.07.10 14:38:59 WARN  no build target for: C:\Users\acer\Desktop\scala4\q4_b.scala
2022.07.10 14:41:17 WARN  no build target for: C:\Users\acer\Desktop\scala4\q4_a.scala
2022.07.10 14:41:43 INFO  shutting down Metals
2022.07.10 15:15:43 INFO  tracing is disabled for protocol LSP, to enable tracing of incoming and outgoing JSON messages create an empty file at c:\Users\acer\Desktop\scala4\.metals\lsp.trace.json or C:\Users\acer\AppData\Local\scalameta\metals\cache\lsp.trace.json
2022.07.10 15:15:46 INFO  logging to file C:\Users\acer\Desktop\scala4\.metals\metals.log
2022.07.10 15:15:46 INFO  Started: Metals version 0.11.7 in workspace 'C:\Users\acer\Desktop\scala4' for client Visual Studio Code 1.69.0.
2022.07.10 15:15:49 INFO  time: initialize in 2.54s
2022.07.10 15:15:49 WARN  Flyway upgrade recommended: H2 2.1.214 is newer than this version of Flyway and support has not been tested. The latest supported version of H2 is 2.1.210.
2022.07.10 15:15:50 WARN  Build server is not auto-connectable.
2022.07.10 15:15:50 WARN  no build tool detected in workspace 'C:\Users\acer\Desktop\scala4'. The most common cause for this problem is that the editor was opened in the wrong working directory, for example if you use sbt then the workspace directory should contain build.sbt. 
2022.07.10 15:15:51 WARN  no build target for: C:\Users\acer\Desktop\scala4\q4_a.scala
2022.07.10 15:15:51 WARN  no build target for: C:\Users\acer\Desktop\scala4\q4_b.scala
2022.07.10 15:16:00 INFO  no build target found for C:\Users\acer\Desktop\scala4\q4_b.scala. Using presentation compiler with project's scala-library version: 3.1.3
2022.07.10 15:16:07 INFO  time: code lens generation in 14s
2022.07.10 15:16:57 WARN  no build target for: C:\Users\acer\Desktop\scala4\q4_a.scala
2022.07.10 15:20:36 WARN  no build target for: C:\Users\acer\Desktop\scala4\q4_a.scala
2022.07.10 15:21:39 WARN  no build target for: C:\Users\acer\Desktop\scala4\q4_a.scala
2022.07.10 15:22:15 WARN  no build target for: C:\Users\acer\Desktop\scala4\q4_a.scala
2022.07.10 15:24:20 WARN  no build target for: C:\Users\acer\Desktop\scala4\q4_a.scala
2022.07.10 15:33:22 WARN  no build target for: C:\Users\acer\Desktop\scala4\q4_a.scala
2022.07.10 15:38:18 WARN  no build target for: C:\Users\acer\Desktop\scala4\q4_b.scala
2022.07.10 15:57:10 WARN  no build target for: C:\Users\acer\Desktop\scala4\q4_b.scala
Jul 10, 2022 3:57:58 PM org.eclipse.lsp4j.jsonrpc.RemoteEndpoint handleCancellation
WARNING: Unmatched cancel notification for request id 419
2022.07.10 15:59:32 WARN  no build target for: C:\Users\acer\Desktop\scala4\q4_b.scala
2022.07.10 16:01:42 INFO  shutting down Metals
2022.07.10 17:30:11 INFO  tracing is disabled for protocol LSP, to enable tracing of incoming and outgoing JSON messages create an empty file at c:\Users\acer\Desktop\scala-practical\.metals\lsp.trace.json or C:\Users\acer\AppData\Local\scalameta\metals\cache\lsp.trace.json
2022.07.10 17:30:12 INFO  logging to file C:\Users\acer\Desktop\scala-practical\.metals\metals.log
2022.07.10 17:30:12 INFO  Started: Metals version 0.11.7 in workspace 'C:\Users\acer\Desktop\scala-practical' for client Visual Studio Code 1.69.0.
2022.07.10 17:30:13 INFO  time: initialize in 0.91s
2022.07.10 17:30:13 WARN  Flyway upgrade recommended: H2 2.1.214 is newer than this version of Flyway and support has not been tested. The latest supported version of H2 is 2.1.210.
2022.07.10 17:30:13 WARN  Build server is not auto-connectable.
2022.07.10 17:30:13 WARN  no build tool detected in workspace 'C:\Users\acer\Desktop\scala-practical'. The most common cause for this problem is that the editor was opened in the wrong working directory, for example if you use sbt then the workspace directory should contain build.sbt. 
2022.07.10 17:30:15 WARN  no build target for: C:\Users\acer\Desktop\scala-practical\q4_b.scala
2022.07.10 17:30:15 WARN  no build target for: C:\Users\acer\Desktop\scala-practical\q1.scala
2022.07.10 17:30:26 INFO  no build target found for C:\Users\acer\Desktop\scala-practical\q4_b.scala. Using presentation compiler with project's scala-library version: 3.1.3
2022.07.10 17:30:35 INFO  time: code lens generation in 19s
2022.07.10 17:47:01 INFO  shutting down Metals
2022.07.10 17:59:48 INFO  tracing is disabled for protocol LSP, to enable tracing of incoming and outgoing JSON messages create an empty file at c:\Users\acer\Desktop\scala-practical\.metals\lsp.trace.json or C:\Users\acer\AppData\Local\scalameta\metals\cache\lsp.trace.json
2022.07.10 17:59:49 INFO  logging to file C:\Users\acer\Desktop\scala-practical\.metals\metals.log
2022.07.10 17:59:49 INFO  Started: Metals version 0.11.7 in workspace 'C:\Users\acer\Desktop\scala-practical' for client Visual Studio Code 1.69.0.
2022.07.10 17:59:50 INFO  time: initialize in 0.97s
2022.07.10 17:59:50 WARN  Flyway upgrade recommended: H2 2.1.214 is newer than this version of Flyway and support has not been tested. The latest supported version of H2 is 2.1.210.
2022.07.10 17:59:50 WARN  Build server is not auto-connectable.
2022.07.10 17:59:50 WARN  no build tool detected in workspace 'C:\Users\acer\Desktop\scala-practical'. The most common cause for this problem is that the editor was opened in the wrong working directory, for example if you use sbt then the workspace directory should contain build.sbt. 
2022.07.10 17:59:51 WARN  no build target for: C:\Users\acer\Desktop\scala-practical\q4_b.scala
2022.07.10 17:59:55 INFO  no build target found for C:\Users\acer\Desktop\scala-practical\q4_b.scala. Using presentation compiler with project's scala-library version: 3.1.3
2022.07.10 17:59:58 INFO  time: code lens generation in 6.57s
2022.07.10 18:02:03 WARN  no build target for: C:\Users\acer\Desktop\scala-practical\q2.scala
2022.07.10 18:02:08 WARN  no build target for: C:\Users\acer\Desktop\scala-practical\q4_a.scala
2022.07.10 18:02:29 INFO  shutting down Metals
2022.07.10 18:16:13 INFO  tracing is disabled for protocol LSP, to enable tracing of incoming and outgoing JSON messages create an empty file at c:\Users\acer\Desktop\scala-practical\.metals\lsp.trace.json or C:\Users\acer\AppData\Local\scalameta\metals\cache\lsp.trace.json
2022.07.10 18:16:14 INFO  logging to file C:\Users\acer\Desktop\scala-practical\.metals\metals.log
